<?xml version="1.0" encoding="UTF-8"?>
<!-- Generated by org.testng.reporters.JUnitReportReporter -->
<testsuite skipped="0" hostname="8470P-PC" name="com.qa.Selenium.AppTest" tests="1" failures="0" timestamp="14 May 2021 12:23:18 GMT" time="0.043" errors="0">
  <testcase name="testApp" time="0.043" classname="com.qa.Selenium.AppTest"/>
</testsuite> <!-- com.qa.Selenium.AppTest -->
